INFO:werkzeug: * Running on http://127.0.0.1:5000 (Press CTRL+C to quit)
INFO:werkzeug: * Running on http://127.0.0.1:1000 (Press CTRL+C to quit)
INFO:werkzeug: * Running on http://127.0.0.1:1000 (Press CTRL+C to quit)
INFO:werkzeug: * Running on http://127.0.0.1:1234 (Press CTRL+C to quit)
INFO:werkzeug:127.0.0.1 - - [31/Jul/2022 18:34:35] "[33mGET / HTTP/1.1[0m" 404 -
INFO:werkzeug:127.0.0.1 - - [31/Jul/2022 18:34:35] "[33mGET /favicon.ico HTTP/1.1[0m" 404 -
ERROR:app:Exception on /list [GET]
Traceback (most recent call last):
  File "E:\! ТРЕНИНГИ !\! PYTHON SKYPRO !\lesson12_project_source_v3\venv\lib\site-packages\flask\app.py", line 2073, in wsgi_app
    response = self.full_dispatch_request()
  File "E:\! ТРЕНИНГИ !\! PYTHON SKYPRO !\lesson12_project_source_v3\venv\lib\site-packages\flask\app.py", line 1520, in full_dispatch_request
    return self.finalize_request(rv)
  File "E:\! ТРЕНИНГИ !\! PYTHON SKYPRO !\lesson12_project_source_v3\venv\lib\site-packages\flask\app.py", line 1539, in finalize_request
    response = self.make_response(rv)
  File "E:\! ТРЕНИНГИ !\! PYTHON SKYPRO !\lesson12_project_source_v3\venv\lib\site-packages\flask\app.py", line 1695, in make_response
    raise TypeError(
TypeError: The view function for 'page_tag' did not return a valid response. The function either returned None or ended without a return statement.
INFO:werkzeug:127.0.0.1 - - [31/Jul/2022 18:34:53] "[35m[1mGET /list HTTP/1.1[0m" 500 -
INFO:werkzeug: * Running on http://127.0.0.1:1234 (Press CTRL+C to quit)
INFO:werkzeug: * Running on http://127.0.0.1:1234 (Press CTRL+C to quit)
INFO:werkzeug: * Running on http://127.0.0.1:1234 (Press CTRL+C to quit)
INFO:werkzeug: * Running on http://127.0.0.1:1234 (Press CTRL+C to quit)
INFO:werkzeug: * Running on http://127.0.0.1:1234 (Press CTRL+C to quit)
INFO:werkzeug: * Running on http://127.0.0.1:1234 (Press CTRL+C to quit)
INFO:werkzeug: * Running on http://127.0.0.1:1234 (Press CTRL+C to quit)
INFO:werkzeug: * Running on http://127.0.0.1:1234 (Press CTRL+C to quit)
INFO:werkzeug: * Running on http://127.0.0.1:1231 (Press CTRL+C to quit)
INFO:werkzeug: * Restarting with stat
WARNING:werkzeug: * Debugger is active!
INFO:werkzeug: * Debugger PIN: 223-099-058
INFO:werkzeug: * Detected change in 'C:\\Users\\Космонавт\\Documents\\GitHub\\lesson12_project_source_v3\\app.py', reloading
INFO:werkzeug: * Restarting with stat
WARNING:werkzeug: * Debugger is active!
INFO:werkzeug: * Debugger PIN: 223-099-058
INFO:werkzeug: * Running on http://127.0.0.1:4000 (Press CTRL+C to quit)
INFO:werkzeug: * Restarting with stat
WARNING:werkzeug: * Debugger is active!
INFO:werkzeug: * Debugger PIN: 223-099-058
INFO:werkzeug:127.0.0.1 - - [31/Jul/2022 18:42:39] "GET / HTTP/1.1" 200 -
INFO:werkzeug:127.0.0.1 - - [31/Jul/2022 18:42:39] "GET /static/style.css HTTP/1.1" 200 -
INFO:root:Выполняю поиск
INFO:werkzeug:127.0.0.1 - - [31/Jul/2022 18:42:46] "[35m[1mGET /search/?s=куба HTTP/1.1[0m" 500 -
INFO:werkzeug:127.0.0.1 - - [31/Jul/2022 18:42:46] "GET /search/?__debugger__=yes&cmd=resource&f=style.css HTTP/1.1" 200 -
INFO:werkzeug:127.0.0.1 - - [31/Jul/2022 18:42:46] "GET /search/?__debugger__=yes&cmd=resource&f=debugger.js HTTP/1.1" 200 -
INFO:werkzeug:127.0.0.1 - - [31/Jul/2022 18:42:46] "GET /search/?__debugger__=yes&cmd=resource&f=console.png HTTP/1.1" 200 -
INFO:werkzeug:127.0.0.1 - - [31/Jul/2022 18:42:46] "[36mGET /search/?__debugger__=yes&cmd=resource&f=console.png HTTP/1.1[0m" 304 -
INFO:werkzeug: * Running on http://127.0.0.1:4000 (Press CTRL+C to quit)
INFO:werkzeug: * Restarting with stat
WARNING:werkzeug: * Debugger is active!
INFO:werkzeug: * Debugger PIN: 223-099-058
INFO:werkzeug: * Detected change in 'C:\\Users\\Космонавт\\Documents\\GitHub\\lesson12_project_source_v3\\app.py', reloading
INFO:werkzeug: * Restarting with stat
INFO:werkzeug: * Running on http://127.0.0.1:4000 (Press CTRL+C to quit)
INFO:werkzeug:127.0.0.1 - - [31/Jul/2022 18:45:59] "GET / HTTP/1.1" 200 -
INFO:werkzeug:127.0.0.1 - - [31/Jul/2022 18:46:00] "[36mGET /static/style.css HTTP/1.1[0m" 304 -
INFO:root:Выполняю поиск
ERROR:app:Exception on /search/ [GET]
Traceback (most recent call last):
  File "C:\Users\Космонавт\Documents\GitHub\lesson12_project_source_v3\main\views.py", line 26, in search_page
    posts = get_posts_by_word(search_query)
NameError: name 'get_posts_by_word' is not defined

During handling of the above exception, another exception occurred:

Traceback (most recent call last):
  File "E:\! ТРЕНИНГИ !\! PYTHON SKYPRO !\lesson12_project_source_v3\venv\lib\site-packages\flask\app.py", line 2073, in wsgi_app
    response = self.full_dispatch_request()
  File "E:\! ТРЕНИНГИ !\! PYTHON SKYPRO !\lesson12_project_source_v3\venv\lib\site-packages\flask\app.py", line 1519, in full_dispatch_request
    rv = self.handle_user_exception(e)
  File "E:\! ТРЕНИНГИ !\! PYTHON SKYPRO !\lesson12_project_source_v3\venv\lib\site-packages\flask\app.py", line 1517, in full_dispatch_request
    rv = self.dispatch_request()
  File "E:\! ТРЕНИНГИ !\! PYTHON SKYPRO !\lesson12_project_source_v3\venv\lib\site-packages\flask\app.py", line 1503, in dispatch_request
    return self.ensure_sync(self.view_functions[rule.endpoint])(**req.view_args)
  File "C:\Users\Космонавт\Documents\GitHub\lesson12_project_source_v3\main\views.py", line 31, in search_page
    except JSONDecoderError:
NameError: name 'JSONDecoderError' is not defined
INFO:werkzeug:127.0.0.1 - - [31/Jul/2022 18:46:02] "[35m[1mGET /search/?s=рва HTTP/1.1[0m" 500 -
INFO:werkzeug:127.0.0.1 - - [31/Jul/2022 18:46:06] "GET /post HTTP/1.1" 200 -
INFO:werkzeug:127.0.0.1 - - [31/Jul/2022 18:46:06] "[36mGET /static/style.css HTTP/1.1[0m" 304 -
INFO:root:Загруженный файл не имеет формат jpg и png
INFO:werkzeug:127.0.0.1 - - [31/Jul/2022 18:46:18] "POST /post HTTP/1.1" 200 -
INFO:werkzeug:127.0.0.1 - - [31/Jul/2022 18:46:21] "GET /post HTTP/1.1" 200 -
ERROR:app:Exception on /post [POST]
Traceback (most recent call last):
  File "E:\! ТРЕНИНГИ !\! PYTHON SKYPRO !\lesson12_project_source_v3\venv\lib\site-packages\flask\app.py", line 2073, in wsgi_app
    response = self.full_dispatch_request()
  File "E:\! ТРЕНИНГИ !\! PYTHON SKYPRO !\lesson12_project_source_v3\venv\lib\site-packages\flask\app.py", line 1519, in full_dispatch_request
    rv = self.handle_user_exception(e)
  File "E:\! ТРЕНИНГИ !\! PYTHON SKYPRO !\lesson12_project_source_v3\venv\lib\site-packages\flask\app.py", line 1517, in full_dispatch_request
    rv = self.dispatch_request()
  File "E:\! ТРЕНИНГИ !\! PYTHON SKYPRO !\lesson12_project_source_v3\venv\lib\site-packages\flask\app.py", line 1503, in dispatch_request
    return self.ensure_sync(self.view_functions[rule.endpoint])(**req.view_args)
  File "C:\Users\Космонавт\Documents\GitHub\lesson12_project_source_v3\loader\views.py", line 45, in add_post_page
    post: dict = add_post({'pic': picture_path, 'content': content})
NameError: name 'add_post' is not defined
INFO:werkzeug:127.0.0.1 - - [31/Jul/2022 18:46:49] "[35m[1mPOST /post HTTP/1.1[0m" 500 -
INFO:werkzeug: * Running on http://127.0.0.1:4000 (Press CTRL+C to quit)
INFO:werkzeug: * Running on http://127.0.0.1:4000 (Press CTRL+C to quit)
INFO:werkzeug: * Running on http://127.0.0.1:4000 (Press CTRL+C to quit)
INFO:werkzeug: * Running on http://127.0.0.1:4000 (Press CTRL+C to quit)
INFO:werkzeug: * Running on http://127.0.0.1:4000 (Press CTRL+C to quit)
INFO:werkzeug: * Running on http://127.0.0.1:4000 (Press CTRL+C to quit)
INFO:werkzeug: * Running on http://127.0.0.1:3000 (Press CTRL+C to quit)
INFO:werkzeug:127.0.0.1 - - [03/Aug/2022 22:37:17] "GET / HTTP/1.1" 200 -
INFO:werkzeug:127.0.0.1 - - [03/Aug/2022 22:37:17] "GET /static/style.css HTTP/1.1" 200 -
INFO:werkzeug:127.0.0.1 - - [03/Aug/2022 22:37:17] "[33mGET /favicon.ico HTTP/1.1[0m" 404 -
INFO:root:Выполняю поиск
INFO:werkzeug:127.0.0.1 - - [03/Aug/2022 22:37:23] "GET /search/?s=по HTTP/1.1" 200 -
INFO:werkzeug:127.0.0.1 - - [03/Aug/2022 22:37:23] "[36mGET /static/style.css HTTP/1.1[0m" 304 -
INFO:werkzeug:127.0.0.1 - - [03/Aug/2022 22:39:13] "[33mGET /search/post_form.html HTTP/1.1[0m" 404 -
INFO:werkzeug:127.0.0.1 - - [03/Aug/2022 22:39:24] "GET /post HTTP/1.1" 200 -
INFO:werkzeug:127.0.0.1 - - [03/Aug/2022 22:39:24] "[36mGET /static/style.css HTTP/1.1[0m" 304 -
INFO:root:Выполняю поиск
INFO:werkzeug:127.0.0.1 - - [03/Aug/2022 22:39:28] "GET /search/?s=по HTTP/1.1" 200 -
INFO:werkzeug:127.0.0.1 - - [03/Aug/2022 22:39:28] "[36mGET /static/style.css HTTP/1.1[0m" 304 -
INFO:werkzeug:127.0.0.1 - - [03/Aug/2022 22:39:56] "[33mGET /search/post_form.html HTTP/1.1[0m" 404 -
INFO:werkzeug:127.0.0.1 - - [03/Aug/2022 22:40:14] "[33mGET /search/post_form.html HTTP/1.1[0m" 404 -
INFO:werkzeug:127.0.0.1 - - [03/Aug/2022 22:40:17] "GET /post HTTP/1.1" 200 -
INFO:werkzeug:127.0.0.1 - - [03/Aug/2022 22:40:17] "[36mGET /static/style.css HTTP/1.1[0m" 304 -
INFO:werkzeug:127.0.0.1 - - [03/Aug/2022 22:40:18] "POST /post HTTP/1.1" 200 -
INFO:werkzeug:127.0.0.1 - - [03/Aug/2022 22:40:20] "GET /post HTTP/1.1" 200 -
INFO:root:Загруженный файл не имеет формат jpg и png
INFO:werkzeug:127.0.0.1 - - [03/Aug/2022 22:40:22] "POST /post HTTP/1.1" 200 -
INFO:werkzeug:127.0.0.1 - - [03/Aug/2022 22:40:24] "GET /post HTTP/1.1" 200 -
INFO:werkzeug:127.0.0.1 - - [03/Aug/2022 22:41:38] "POST /post HTTP/1.1" 200 -
INFO:werkzeug:127.0.0.1 - - [03/Aug/2022 22:41:38] "[36mGET /static/style.css HTTP/1.1[0m" 304 -
INFO:werkzeug:127.0.0.1 - - [03/Aug/2022 22:41:38] "GET /uploads/images/photo_5418237867269930049_y.jpeg HTTP/1.1" 200 -
INFO:werkzeug:127.0.0.1 - - [03/Aug/2022 22:41:45] "[33mGET /loader/templates/post_form.html HTTP/1.1[0m" 404 -
INFO:werkzeug:127.0.0.1 - - [03/Aug/2022 22:42:03] "GET / HTTP/1.1" 200 -
INFO:werkzeug:127.0.0.1 - - [03/Aug/2022 22:42:03] "[36mGET /static/style.css HTTP/1.1[0m" 304 -
INFO:werkzeug: * Running on http://127.0.0.1:3000 (Press CTRL+C to quit)
INFO:werkzeug: * Running on http://127.0.0.1:3001 (Press CTRL+C to quit)
INFO:werkzeug:127.0.0.1 - - [03/Aug/2022 22:43:55] "GET / HTTP/1.1" 200 -
INFO:werkzeug:127.0.0.1 - - [03/Aug/2022 22:43:55] "GET /static/style.css HTTP/1.1" 200 -
INFO:werkzeug:127.0.0.1 - - [03/Aug/2022 22:43:55] "[33mGET /favicon.ico HTTP/1.1[0m" 404 -
INFO:werkzeug:127.0.0.1 - - [03/Aug/2022 22:43:57] "GET /post HTTP/1.1" 200 -
INFO:werkzeug:127.0.0.1 - - [03/Aug/2022 22:43:57] "[36mGET /static/style.css HTTP/1.1[0m" 304 -
INFO:root:Выполняю поиск
INFO:werkzeug:127.0.0.1 - - [03/Aug/2022 22:44:01] "GET /search/?s=авып HTTP/1.1" 200 -
INFO:werkzeug:127.0.0.1 - - [03/Aug/2022 22:44:01] "[36mGET /static/style.css HTTP/1.1[0m" 304 -
INFO:werkzeug:127.0.0.1 - - [03/Aug/2022 22:44:02] "GET /post HTTP/1.1" 200 -
INFO:werkzeug:127.0.0.1 - - [03/Aug/2022 22:44:03] "[36mGET /static/style.css HTTP/1.1[0m" 304 -
INFO:werkzeug:127.0.0.1 - - [03/Aug/2022 22:44:17] "POST /post HTTP/1.1" 200 -
INFO:werkzeug:127.0.0.1 - - [03/Aug/2022 22:44:17] "[36mGET /static/style.css HTTP/1.1[0m" 304 -
INFO:werkzeug:127.0.0.1 - - [03/Aug/2022 22:44:17] "GET /uploads/images/photo_5418237867269930049_y.jpeg HTTP/1.1" 200 -
INFO:werkzeug:127.0.0.1 - - [03/Aug/2022 22:44:20] "GET /post HTTP/1.1" 200 -
INFO:werkzeug:127.0.0.1 - - [03/Aug/2022 22:44:20] "[36mGET /static/style.css HTTP/1.1[0m" 304 -
INFO:werkzeug: * Running on http://127.0.0.1:3001 (Press CTRL+C to quit)
INFO:werkzeug: * Running on http://127.0.0.1:3034 (Press CTRL+C to quit)
INFO:werkzeug:127.0.0.1 - - [03/Aug/2022 23:16:48] "GET / HTTP/1.1" 200 -
INFO:werkzeug:127.0.0.1 - - [03/Aug/2022 23:16:48] "GET /static/style.css HTTP/1.1" 200 -
INFO:werkzeug:127.0.0.1 - - [03/Aug/2022 23:16:48] "[33mGET /favicon.ico HTTP/1.1[0m" 404 -
INFO:root:Выполняю поиск
INFO:werkzeug:127.0.0.1 - - [03/Aug/2022 23:16:51] "GET /search/?s=куба HTTP/1.1" 200 -
INFO:werkzeug:127.0.0.1 - - [03/Aug/2022 23:16:51] "[36mGET /static/style.css HTTP/1.1[0m" 304 -
INFO:werkzeug:127.0.0.1 - - [03/Aug/2022 23:16:52] "GET /post HTTP/1.1" 200 -
INFO:werkzeug:127.0.0.1 - - [03/Aug/2022 23:16:52] "[36mGET /static/style.css HTTP/1.1[0m" 304 -
